d:\neuromeka\r&d\labview\indydll\indydll\indydll\x64\debug\indydll.pch
d:\neuromeka\r&d\labview\indydll\indydll\indydll\x64\debug\vc141.pdb
d:\neuromeka\r&d\labview\indydll\indydll\indydll\x64\debug\vc141.idb
d:\neuromeka\r&d\labview\indydll\indydll\indydll\x64\debug\stdafx.obj
d:\neuromeka\r&d\labview\indydll\indydll\indydll\x64\debug\utils.obj
d:\neuromeka\r&d\labview\indydll\indydll\indydll\x64\debug\indysocket.obj
d:\neuromeka\r&d\labview\indydll\indydll\indydll\x64\debug\indydll.obj
d:\neuromeka\r&d\labview\indydll\indydll\indydll\x64\debug\dllmain.obj
d:\neuromeka\r&d\labview\indydll\indydll\x64\debug\indydll.lib
d:\neuromeka\r&d\labview\indydll\indydll\x64\debug\indydll.exp
d:\neuromeka\r&d\labview\indydll\indydll\x64\debug\indydll.ilk
d:\neuromeka\r&d\labview\indydll\indydll\x64\debug\indydll.dll
d:\neuromeka\r&d\labview\indydll\indydll\x64\debug\indydll.pdb
d:\neuromeka\r&d\labview\indydll\indydll\indydll\x64\debug\indydll.tlog\cl.command.1.tlog
d:\neuromeka\r&d\labview\indydll\indydll\indydll\x64\debug\indydll.tlog\cl.read.1.tlog
d:\neuromeka\r&d\labview\indydll\indydll\indydll\x64\debug\indydll.tlog\cl.write.1.tlog
d:\neuromeka\r&d\labview\indydll\indydll\indydll\x64\debug\indydll.tlog\indydll.write.1u.tlog
d:\neuromeka\r&d\labview\indydll\indydll\indydll\x64\debug\indydll.tlog\link.command.1.tlog
d:\neuromeka\r&d\labview\indydll\indydll\indydll\x64\debug\indydll.tlog\link.read.1.tlog
d:\neuromeka\r&d\labview\indydll\indydll\indydll\x64\debug\indydll.tlog\link.write.1.tlog
